2018-01-24 12:54:17 [127.0.0.1][5][2erofuii50u748a6t8vug5si2n][error][yii\base\ErrorException:2] yii\base\ErrorException: Creating default object from empty value in F:\xampp\htdocs\vueDemo\common\lib\Mar.php:124
Stack trace:
#0 F:\xampp\htdocs\vueDemo\vendor\yiisoft\yii2\db\ActiveRecord.php(570): common\lib\Mar->updateInternal()
#1 F:\xampp\htdocs\vueDemo\vendor\yiisoft\yii2\db\BaseActiveRecord.php(645): common\lib\Mar->update()
#2 F:\xampp\htdocs\vueDemo\common\lib\Mar.php(115): common\lib\Mar->save()
#3 F:\xampp\htdocs\vueDemo\vendor\yiisoft\yii2\db\ActiveRecord.php(505): common\lib\Mar->afterSave()
#4 F:\xampp\htdocs\vueDemo\vendor\yiisoft\yii2\db\ActiveRecord.php(461): common\lib\Mar->insertInternal()
#5 F:\xampp\htdocs\vueDemo\vendor\yiisoft\yii2\db\BaseActiveRecord.php(643): common\lib\Mar->insert()
#6 F:\xampp\htdocs\vueDemo\common\lib\sqlQuery.php(98): common\lib\Mar->save()
#7 F:\xampp\htdocs\vueDemo\backend\controllers\ContentController.php(106): common\lib\sqlQuery::assembleSql()
#8 F:\xampp\htdocs\vueDemo\vendor\yiisoft\yii2\base\InlineAction.php(57): backend\controllers\ContentController->actionAddContent()
#9 F:\xampp\htdocs\vueDemo\vendor\yiisoft\yii2\base\InlineAction.php(57): ::call_user_func_array:{F:\xampp\htdocs\vueDemo\vendor\yiisoft\yii2\base\InlineAction.php:57}()
#10 F:\xampp\htdocs\vueDemo\vendor\yiisoft\yii2\base\Controller.php(156): yii\base\InlineAction->runWithParams()
#11 F:\xampp\htdocs\vueDemo\vendor\yiisoft\yii2\base\Module.php(523): backend\controllers\ContentController->runAction()
#12 F:\xampp\htdocs\vueDemo\vendor\yiisoft\yii2\web\Application.php(102): yii\web\Application->runAction()
#13 F:\xampp\htdocs\vueDemo\vendor\yiisoft\yii2\base\Application.php(380): yii\web\Application->handleRequest()
#14 F:\xampp\htdocs\vueDemo\web\admin\index.php(20): yii\web\Application->run()
#15 {main}
2018-01-24 12:54:16 [127.0.0.1][5][2erofuii50u748a6t8vug5si2n][info][application] $_POST = [
    'data' => '{\"modelId\":\"101\",\"catId\":\"\",\"status\":\"1\",\"publish_time\":\"2018-01-24 12:54:16\",\"allow_comment\":1,\"category_id\":[\"102\"],\"show_template\":\"show.php\",\"title\":\"标题\",\"keywords\":\"\",\"thumb\":[],\"desc\":\"\",\"content\":\"\"}'
]

$_COOKIE = [
    'advanced-backend' => '2erofuii50u748a6t8vug5si2n'
    'Hm_lvt_1873856b1a96138cdd16521be8a1dc50' => '1516755530'
    'Hm_lpvt_1873856b1a96138cdd16521be8a1dc50' => '1516757537'
]

$_SESSION = [
    '__flash' => []
    '__id' => 5
]

$_SERVER = [
    'REDIRECT_MIBDIRS' => 'F:/xampp/php/extras/mibs'
    'REDIRECT_MYSQL_HOME' => '\\xampp\\mysql\\bin'
    'REDIRECT_OPENSSL_CONF' => 'F:/xampp/apache/bin/openssl.cnf'
    'REDIRECT_PHP_PEAR_SYSCONF_DIR' => '\\xampp\\php'
    'REDIRECT_PHPRC' => '\\xampp\\php'
    'REDIRECT_TMP' => '\\xampp\\tmp'
    'REDIRECT_STATUS' => '200'
    'MIBDIRS' => 'F:/xampp/php/extras/mibs'
    'MYSQL_HOME' => '\\xampp\\mysql\\bin'
    'OPENSSL_CONF' => 'F:/xampp/apache/bin/openssl.cnf'
    'PHP_PEAR_SYSCONF_DIR' => '\\xampp\\php'
    'PHPRC' => '\\xampp\\php'
    'TMP' => '\\xampp\\tmp'
    'HTTP_HOST' => 'vuedemo.com'
    'HTTP_CONNECTION' => 'keep-alive'
    'CONTENT_LENGTH' => '377'
    'HTTP_ACCEPT' => 'application/json, text/javascript, */*; q=0.01'
    'HTTP_ORIGIN' => 'http://vuedemo.com'
    'HTTP_X_REQUESTED_WITH' => 'XMLHttpRequest'
    'HTTP_USER_AGENT' => 'Mozilla/5.0 (Windows NT 10.0; Win64; x64) AppleWebKit/537.36 (KHTML, like Gecko) Chrome/63.0.3239.84 Safari/537.36'
    'CONTENT_TYPE' => 'application/x-www-form-urlencoded; charset=UTF-8'
    'HTTP_REFERER' => 'http://vuedemo.com/admin/content/add-content?modelid=101&catid=102'
    'HTTP_ACCEPT_ENCODING' => 'gzip, deflate'
    'HTTP_ACCEPT_LANGUAGE' => 'zh-CN,zh;q=0.9'
    'HTTP_COOKIE' => 'advanced-backend=2erofuii50u748a6t8vug5si2n; Hm_lvt_1873856b1a96138cdd16521be8a1dc50=1516755530; Hm_lpvt_1873856b1a96138cdd16521be8a1dc50=1516757537'
    'PATH' => 'C:\\ProgramData\\Oracle\\Java\\javapath;F:\\java\\bin;F:\\java\\jre\\bin;C:\\WINDOWS\\system32;C:\\WINDOWS;C:\\WINDOWS\\System32\\Wbem;C:\\WINDOWS\\System32\\WindowsPowerShell\\v1.0\\;F:\\xampp\\php;F:\\Git\\cmd;F:\\Gow\\bin;C:\\Program Files\\nodejs\\;F:\\java/bin;F:\\java/jre/bin;F:\\python;‪F:\\cmder;F:\\xampp\\php;C:\\Users\\Admin\\AppData\\Roaming\\npm;C:\\Users\\Admin\\AppData\\Local\\Microsoft\\WindowsApps;F:\\cmder;'
    'SystemRoot' => 'C:\\WINDOWS'
    'COMSPEC' => 'C:\\WINDOWS\\system32\\cmd.exe'
    'PATHEXT' => '.COM;.EXE;.BAT;.CMD;.VBS;.VBE;.JS;.JSE;.WSF;.WSH;.MSC'
    'WINDIR' => 'C:\\WINDOWS'
    'SERVER_SIGNATURE' => '<address>Apache/2.4.25 (Win32) OpenSSL/1.0.2j PHP/7.1.1 Server at vuedemo.com Port 80</address>
'
    'SERVER_SOFTWARE' => 'Apache/2.4.25 (Win32) OpenSSL/1.0.2j PHP/7.1.1'
    'SERVER_NAME' => 'vuedemo.com'
    'SERVER_ADDR' => '127.0.0.1'
    'SERVER_PORT' => '80'
    'REMOTE_ADDR' => '127.0.0.1'
    'DOCUMENT_ROOT' => 'F:/xampp/htdocs/vueDemo/web'
    'REQUEST_SCHEME' => 'http'
    'CONTEXT_PREFIX' => ''
    'CONTEXT_DOCUMENT_ROOT' => 'F:/xampp/htdocs/vueDemo/web'
    'SERVER_ADMIN' => 'postmaster@localhost'
    'SCRIPT_FILENAME' => 'F:/xampp/htdocs/vueDemo/web/admin/index.php'
    'REMOTE_PORT' => '21878'
    'REDIRECT_URL' => '/admin/content/add-content'
    'GATEWAY_INTERFACE' => 'CGI/1.1'
    'SERVER_PROTOCOL' => 'HTTP/1.1'
    'REQUEST_METHOD' => 'POST'
    'QUERY_STRING' => ''
    'REQUEST_URI' => '/admin/content/add-content'
    'SCRIPT_NAME' => '/admin/index.php'
    'PHP_SELF' => '/admin/index.php'
    'REQUEST_TIME_FLOAT' => 1516769656.027
    'REQUEST_TIME' => 1516769656
]
